<?xml version="1.0" encoding="UTF-8"?>
<!-- Generated by org.testng.reporters.JUnitReportReporter -->
<testsuite hostname="Nallaballi-HomePC" failures="0" tests="3" name="ApiTestingBasic.LibraryAPI_ParametersUsingTesNGDataProvider" time="5.610" errors="0" timestamp="2023-05-15T05:26:59 CDT" skipped="0">
  <testcase classname="ApiTestingBasic.LibraryAPI_ParametersUsingTesNGDataProvider" name="myLibraryAPI" time="0.983"/>
  <system-out/>
  <testcase classname="ApiTestingBasic.LibraryAPI_ParametersUsingTesNGDataProvider" name="myLibraryAPI" time="3.659"/>
  <system-out/>
  <testcase classname="ApiTestingBasic.LibraryAPI_ParametersUsingTesNGDataProvider" name="myLibraryAPI" time="0.968"/>
  <system-out/>
</testsuite> <!-- ApiTestingBasic.LibraryAPI_ParametersUsingTesNGDataProvider -->
