<?xml version="1.0" encoding="UTF-8"?>
<!-- Generated by org.testng.reporters.JUnitReportReporter -->
<testsuite hostname="Nallaballi-HomePC" failures="0" tests="1" name="ApiTestingBasic.A6_GoogleAddPlaceAPI" time="5.783" errors="0" timestamp="2023-05-15T22:37:19 CDT" skipped="0">
  <testcase classname="ApiTestingBasic.A6_GoogleAddPlaceAPI" name="GoogleAddPlaceAPI" time="5.783"/>
  <system-out/>
</testsuite> <!-- ApiTestingBasic.A6_GoogleAddPlaceAPI -->
