<?xml version="1.0" encoding="UTF-8"?>
<!-- Generated by org.testng.reporters.JUnitReportReporter -->
<testsuite hostname="Nallaballi-HomePC" failures="0" tests="1" name="ApiTestingBasic.DataFromExternalFile" time="5.565" errors="0" timestamp="2023-05-15T05:37:57 CDT" skipped="0">
  <testcase classname="ApiTestingBasic.DataFromExternalFile" name="loadSimple" time="5.565"/>
  <system-out/>
</testsuite> <!-- ApiTestingBasic.DataFromExternalFile -->
