<?xml version="1.0" encoding="UTF-8"?>
<!-- Generated by org.testng.reporters.JUnitReportReporter -->
<testsuite hostname="Nallaballi-HomePC" failures="0" tests="1" name="ApiTestingBasic.A6_GoogleLogin" time="7.735" errors="0" timestamp="2023-05-15T19:16:18 CDT" skipped="0">
  <testcase classname="ApiTestingBasic.A6_GoogleLogin" name="loadSimple" time="7.735"/>
  <system-out/>
</testsuite> <!-- ApiTestingBasic.A6_GoogleLogin -->
