<?xml version="1.0" encoding="UTF-8"?>
<!-- Generated by org.testng.reporters.JUnitReportReporter -->
<testsuite hostname="Nallaballi-HomePC" failures="0" tests="1" name="ApiTestingBasic.JsonTraverse_CoursesAPI" time="1.775" errors="0" timestamp="2023-05-12T23:51:36 CDT" skipped="0">
  <testcase classname="ApiTestingBasic.JsonTraverse_CoursesAPI" name="myCourses" time="1.775"/>
  <system-out/>
</testsuite> <!-- ApiTestingBasic.JsonTraverse_CoursesAPI -->
