<?xml version="1.0" encoding="UTF-8"?>
<!-- Generated by org.testng.reporters.JUnitReportReporter -->
<testsuite hostname="Nallaballi-HomePC" failures="0" tests="1" name="ApiTestingBasic.LibraryAPI" time="3.760" errors="0" timestamp="2023-05-13T00:33:36 CDT" skipped="0">
  <testcase classname="ApiTestingBasic.LibraryAPI" name="myLibraryAPI" time="3.760"/>
  <system-out/>
</testsuite> <!-- ApiTestingBasic.LibraryAPI -->
